<?xml version="1.0" encoding="UTF-8"?>
<!-- Generated by org.testng.reporters.JUnitReportReporter -->
<testsuite skipped="0" hostname="DESKTOP-V7OVI5O" name="com.ecommerce.testCases.TC_Logintest_001" tests="1" failures="0" timestamp="22 Jun 2021 03:55:38 GMT" time="11.343" errors="0">
  <testcase name="Logintest" time="11.343" classname="com.ecommerce.testCases.TC_Logintest_001"/>
</testsuite> <!-- com.ecommerce.testCases.TC_Logintest_001 -->
