<?xml version="1.0" encoding="UTF-8"?>
<!-- Generated by org.testng.reporters.JUnitReportReporter -->
<testsuite skipped="0" hostname="DESKTOP-V7OVI5O" name="com.ecommerce.testCases.TC_AddCustomer_002" tests="1" failures="0" timestamp="22 Jun 2021 16:54:21 GMT" time="24.486" errors="0">
  <testcase name="addCustemer" time="24.486" classname="com.ecommerce.testCases.TC_AddCustomer_002"/>
</testsuite> <!-- com.ecommerce.testCases.TC_AddCustomer_002 -->
