<?xml version="1.0" encoding="UTF-8"?>
<!-- Generated by org.testng.reporters.JUnitReportReporter -->
<testsuite skipped="0" hostname="DESKTOP-V7OVI5O" name="com.ecommerce.testCases.TC_Deletecustomer_004" tests="1" failures="0" timestamp="22 Jun 2021 16:55:11 GMT" time="28.930" errors="0">
  <testcase name="deleteCustomer" time="28.930" classname="com.ecommerce.testCases.TC_Deletecustomer_004"/>
</testsuite> <!-- com.ecommerce.testCases.TC_Deletecustomer_004 -->
