<?xml version="1.0" encoding="UTF-8"?>
<!-- Generated by org.testng.reporters.JUnitReportReporter -->
<testsuite skipped="0" hostname="DESKTOP-V7OVI5O" name="com.ecommerce.testCases.TC_Logintest_001" tests="1" failures="0" timestamp="25 Jun 2021 05:12:33 GMT" time="12.799" errors="0">
  <testcase name="Logintest" time="12.799" classname="com.ecommerce.testCases.TC_Logintest_001"/>
</testsuite> <!-- com.ecommerce.testCases.TC_Logintest_001 -->
